Started GET "/" for 127.0.0.1 at 2017-04-04 03:22:25 +0900
Processing by Rails::WelcomeController#index as HTML
  Parameters: {"internal"=>true}
  Rendering /Users/kyeonghyeonkim/.rbenv/versions/2.4.0/lib/ruby/gems/2.4.0/gems/railties-5.0.2/lib/rails/templates/rails/welcome/index.html.erb
  Rendered /Users/kyeonghyeonkim/.rbenv/versions/2.4.0/lib/ruby/gems/2.4.0/gems/railties-5.0.2/lib/rails/templates/rails/welcome/index.html.erb (4.1ms)
Completed 200 OK in 23ms (Views: 10.8ms | ActiveRecord: 0.0ms)


Started GET "/posts/index" for 127.0.0.1 at 2017-04-04 03:22:44 +0900
Processing by PostsController#index as HTML
  Rendering posts/index.html.erb within layouts/application
  Rendered posts/index.html.erb within layouts/application (0.3ms)
Completed 200 OK in 444ms (Views: 442.1ms | ActiveRecord: 0.0ms)


Started GET "/posts/index" for 127.0.0.1 at 2017-04-04 03:23:03 +0900
Processing by PostsController#index as HTML
  Rendering posts/index.html.erb within layouts/application
  Rendered posts/index.html.erb within layouts/application (0.4ms)
Completed 200 OK in 29ms (Views: 28.1ms | ActiveRecord: 0.0ms)


Started GET "/posts/index" for 127.0.0.1 at 2017-04-04 03:23:58 +0900
Processing by PostsController#index as HTML
  Rendering posts/index.html.erb within layouts/application
  Rendered posts/index.html.erb within layouts/application (0.8ms)
Completed 200 OK in 21ms (Views: 19.9ms | ActiveRecord: 0.0ms)


Started GET "/" for 127.0.0.1 at 2017-04-04 03:24:03 +0900
Processing by Rails::WelcomeController#index as HTML
  Parameters: {"internal"=>true}
  Rendering /Users/kyeonghyeonkim/.rbenv/versions/2.4.0/lib/ruby/gems/2.4.0/gems/railties-5.0.2/lib/rails/templates/rails/welcome/index.html.erb
  Rendered /Users/kyeonghyeonkim/.rbenv/versions/2.4.0/lib/ruby/gems/2.4.0/gems/railties-5.0.2/lib/rails/templates/rails/welcome/index.html.erb (2.4ms)
Completed 200 OK in 6ms (Views: 4.3ms | ActiveRecord: 0.0ms)


Started GET "/posts/index" for 127.0.0.1 at 2017-04-04 03:24:07 +0900
Processing by PostsController#index as HTML
  Rendering posts/index.html.erb within layouts/application
  Rendered posts/index.html.erb within layouts/application (0.3ms)
Completed 200 OK in 15ms (Views: 13.4ms | ActiveRecord: 0.0ms)


Started GET "/posts/index" for 127.0.0.1 at 2017-04-04 03:24:59 +0900
Processing by PostsController#index as HTML
  Rendering posts/index.html.erb within layouts/application
  Rendered posts/index.html.erb within layouts/application (0.3ms)
Completed 200 OK in 16ms (Views: 14.4ms | ActiveRecord: 0.0ms)


Started GET "/posts/index" for 127.0.0.1 at 2017-04-04 03:25:02 +0900
Processing by PostsController#index as HTML
  Rendering posts/index.html.erb within layouts/application
  Rendered posts/index.html.erb within layouts/application (0.4ms)
Completed 200 OK in 15ms (Views: 13.7ms | ActiveRecord: 0.0ms)


Started GET "/posts/index" for 127.0.0.1 at 2017-04-04 03:25:09 +0900
Processing by PostsController#index as HTML
  Rendering posts/index.html.erb within layouts/application
  Rendered posts/index.html.erb within layouts/application (0.4ms)
Completed 200 OK in 16ms (Views: 14.6ms | ActiveRecord: 0.0ms)


Started GET "/posts/index" for 127.0.0.1 at 2017-04-04 03:25:24 +0900
Processing by PostsController#index as HTML
  Rendering posts/index.html.erb within layouts/application
  Rendered posts/index.html.erb within layouts/application (0.6ms)
Completed 200 OK in 40ms (Views: 37.7ms | ActiveRecord: 0.0ms)


Started GET "/posts/index" for 127.0.0.1 at 2017-04-04 03:25:30 +0900
Processing by PostsController#index as HTML
  Rendering posts/index.html.erb within layouts/application
  Rendered posts/index.html.erb within layouts/application (0.3ms)
Completed 200 OK in 17ms (Views: 15.8ms | ActiveRecord: 0.0ms)


Started GET "/posts/index" for 127.0.0.1 at 2017-04-04 03:25:33 +0900
Processing by PostsController#index as HTML
  Rendering posts/index.html.erb within layouts/application
  Rendered posts/index.html.erb within layouts/application (0.2ms)
Completed 200 OK in 18ms (Views: 16.8ms | ActiveRecord: 0.0ms)


Started GET "/posts/index" for 127.0.0.1 at 2017-04-04 03:25:38 +0900
Processing by PostsController#index as HTML
  Rendering posts/index.html.erb within layouts/application
  Rendered posts/index.html.erb within layouts/application (0.4ms)
Completed 200 OK in 28ms (Views: 25.4ms | ActiveRecord: 0.0ms)


Started GET "/posts/index" for 127.0.0.1 at 2017-04-04 03:25:49 +0900
Processing by PostsController#index as HTML
  Rendering posts/index.html.erb within layouts/application
  Rendered posts/index.html.erb within layouts/application (0.5ms)
Completed 200 OK in 24ms (Views: 19.1ms | ActiveRecord: 0.0ms)


Started GET "/posts/index" for 127.0.0.1 at 2017-04-04 03:26:25 +0900
Processing by PostsController#index as HTML
  Rendering posts/index.html.erb within layouts/application
  Rendered posts/index.html.erb within layouts/application (0.4ms)
Completed 200 OK in 25ms (Views: 22.1ms | ActiveRecord: 0.0ms)


Started GET "/posts/index" for 127.0.0.1 at 2017-04-04 03:27:20 +0900
Processing by PostsController#index as HTML
  Rendering posts/index.html.erb within layouts/application
  Rendered posts/index.html.erb within layouts/application (1.1ms)
Completed 200 OK in 82ms (Views: 77.7ms | ActiveRecord: 0.0ms)


Started GET "/posts/index" for 127.0.0.1 at 2017-04-04 03:28:22 +0900
Processing by PostsController#index as HTML
  Rendering posts/index.html.erb within layouts/application
  Rendered posts/index.html.erb within layouts/application (1.7ms)
Completed 200 OK in 115ms (Views: 107.1ms | ActiveRecord: 0.0ms)


Started GET "/posts/index" for 127.0.0.1 at 2017-04-04 03:28:30 +0900
Processing by PostsController#index as HTML
  Rendering posts/index.html.erb within layouts/application
  Rendered posts/index.html.erb within layouts/application (1.7ms)
Completed 200 OK in 102ms (Views: 93.6ms | ActiveRecord: 0.0ms)


